<?xml version="1.0" encoding="UTF-8"?>
<testsuite xmlns:xsi="http://www.w3.org/2001/XMLSchema-instance" xsi:noNamespaceSchemaLocation="https://maven.apache.org/surefire/maven-surefire-plugin/xsd/surefire-test-report.xsd" name="RunCucumberTest" time="0.209" tests="7" errors="0" skipped="0" failures="0">
  <properties>
[...]
</properties>
  <testcase name="Created antistun agent expires after 3 ticks" classname="ProjLabVilagtalan.RunCucumberTest" time="0.055"/>
  <testcase name="Virus bounces back but breaks the gloves" classname="ProjLabVilagtalan.RunCucumberTest" time="0.005"/>
  <testcase name="Antichorea is used on second virologist" classname="ProjLabVilagtalan.RunCucumberTest" time="0.005"/>
  <testcase name="Used virus doesn&apos;t affect anyone" classname="ProjLabVilagtalan.RunCucumberTest" time="0.004"/>
  <testcase name="Used virus bounces back from gloved virologist" classname="ProjLabVilagtalan.RunCucumberTest" time="0.004"/>
  <testcase name="Virologist moves from a field to another" classname="ProjLabVilagtalan.RunCucumberTest" time="0.003"/>
  <testcase name="Virologist moves from a field to another by chorea" classname="ProjLabVilagtalan.RunCucumberTest" time="0.004"/>
</testsuite>