<?xml version="1.0" encoding="UTF-8"?>
<testsuite xmlns:xsi="http://www.w3.org/2001/XMLSchema-instance" xsi:noNamespaceSchemaLocation="https://maven.apache.org/surefire/maven-surefire-plugin/xsd/surefire-test-report.xsd" name="RunCucumberTest" time="0.153" tests="4" errors="0" skipped="0" failures="0">
  <properties>
[...]
</properties>
  <testcase name="Virologist tries to learn something twice, but fails to do so" classname="ProjLabVilagtalan.RunCucumberTest" time="0.044"/>
  <testcase name="Virologist cannot steal" classname="ProjLabVilagtalan.RunCucumberTest" time="0.004"/>
  <testcase name="Virologist moves from a field to another" classname="ProjLabVilagtalan.RunCucumberTest" time="0.003"/>
  <testcase name="Virologist steals" classname="ProjLabVilagtalan.RunCucumberTest" time="0.002"/>
</testsuite>